<?xml version="1.0" encoding="UTF-8"?>
<!-- Generated by org.testng.reporters.JUnitReportReporter -->
<testsuite hostname="DESKTOP-Q6QOCII" failures="0" tests="1" name="com.Test.Login.VerifyLogingTestWith_Valid_ID_Password" time="7.432" errors="0" timestamp="2022-11-16T14:37:10 IST" skipped="0">
  <testcase classname="com.Test.Login.VerifyLogingTestWith_Valid_ID_Password" name="VerifyLogingTestWith_Valid_ID_Password1" time="7.432"/>
  <system-out/>
</testsuite> <!-- com.Test.Login.VerifyLogingTestWith_Valid_ID_Password -->
