<?xml version="1.0" encoding="UTF-8"?>
<!-- Generated by org.testng.reporters.JUnitReportReporter -->
<testsuite hostname="DESKTOP-Q6QOCII" failures="0" tests="1" name="postJob_page_testcase.TestCase2_5" time="39.855" errors="0" timestamp="2023-01-21T16:46:53 IST" skipped="0">
  <testcase classname="postJob_page_testcase.TestCase2_5" name="Check_ComapnyNameEnter" time="39.855"/>
  <system-out/>
</testsuite> <!-- postJob_page_testcase.TestCase2_5 -->
