<?xml version="1.0" encoding="UTF-8"?>
<!-- Generated by org.testng.reporters.JUnitReportReporter -->
<testsuite hostname="DESKTOP-Q6QOCII" failures="0" tests="1" name="career_Page_testcase.TestCase1_12" time="0.192" errors="0" timestamp="2023-01-20T00:13:23 IST" skipped="0">
  <testcase classname="career_Page_testcase.TestCase1_12" name="Check_the_Password_text_Box" time="0.192"/>
  <system-out/>
</testsuite> <!-- career_Page_testcase.TestCase1_12 -->
