<?xml version="1.0" encoding="UTF-8"?>
<!-- Generated by org.testng.reporters.JUnitReportReporter -->
<testsuite hostname="DESKTOP-Q6QOCII" failures="0" tests="1" name="career_Page_testcase.TestCase1_8" time="0.151" errors="0" timestamp="2023-01-21T11:58:36 IST" skipped="0">
  <testcase classname="career_Page_testcase.TestCase1_8" name="Check_the_First_Name_text_Box" time="0.151"/>
  <system-out/>
</testsuite> <!-- career_Page_testcase.TestCase1_8 -->
