<?xml version="1.0" encoding="UTF-8"?>
<!-- Generated by org.testng.reporters.JUnitReportReporter -->
<testsuite hostname="DESKTOP-Q6QOCII" failures="0" tests="1" name="postJob_page_testcase.TestCase2_6" time="0.270" errors="0" timestamp="2023-01-15T22:27:14 IST" skipped="0">
  <testcase classname="postJob_page_testcase.TestCase2_6" name="Check_Company_Size_Drop_Down" time="0.270"/>
  <system-out/>
</testsuite> <!-- postJob_page_testcase.TestCase2_6 -->
