<?xml version="1.0" encoding="UTF-8"?>
<!-- Generated by org.testng.reporters.JUnitReportReporter -->
<testsuite hostname="DESKTOP-Q6QOCII" failures="0" tests="1" name="career_Page_testcase.TestCase1_5" time="37.457" errors="0" timestamp="2023-01-21T11:58:36 IST" skipped="0">
  <testcase classname="career_Page_testcase.TestCase1_5" name="Check_ComapnyNameEnter" time="37.457"/>
  <system-out/>
</testsuite> <!-- career_Page_testcase.TestCase1_5 -->
