<?xml version="1.0" encoding="UTF-8"?>
<!-- Generated by org.testng.reporters.JUnitReportReporter -->
<testsuite hostname="DESKTOP-Q6QOCII" failures="0" tests="1" name="postJob_page_testcase.TestCase2_2" time="2.548" errors="0" timestamp="2023-01-15T22:27:14 IST" skipped="0">
  <testcase classname="postJob_page_testcase.TestCase2_2" name="Verify_the_Button_Access_For_Free" time="2.548"/>
  <system-out/>
</testsuite> <!-- postJob_page_testcase.TestCase2_2 -->
