<?xml version="1.0" encoding="UTF-8"?>
<!-- Generated by org.testng.reporters.JUnitReportReporter -->
<testsuite hostname="DESKTOP-Q6QOCII" failures="0" tests="1" name="postJob_page_testcase.TestCase2_1" time="14.114" errors="0" timestamp="2023-01-21T16:46:53 IST" skipped="0">
  <testcase classname="postJob_page_testcase.TestCase2_1" name="verify_the_URL" time="14.114"/>
  <system-out/>
</testsuite> <!-- postJob_page_testcase.TestCase2_1 -->
